#
# There is insufficient memory for the Java Runtime Environment to continue.
# Native memory allocation (malloc) failed to allocate 1703088 bytes for Chunk::new
# Possible reasons:
#   The system is out of physical RAM or swap space
#   In 32 bit mode, the process size limit was hit
# Possible solutions:
#   Reduce memory load on the system
#   Increase physical memory or swap space
#   Check if swap backing store is full
#   Use 64 bit Java on a 64 bit OS
#   Decrease Java heap size (-Xmx/-Xms)
#   Decrease number of Java threads
#   Decrease Java thread stack sizes (-Xss)
#   Set larger code cache with -XX:ReservedCodeCacheSize=
# This output file may be truncated or incomplete.
#
#  Out of Memory Error (allocation.cpp:390), pid=12188, tid=0x00000000000020bc
#
# JRE version: Java(TM) SE Runtime Environment (8.0_131-b11) (build 1.8.0_131-b11)
# Java VM: Java HotSpot(TM) 64-Bit Server VM (25.131-b11 mixed mode windows-amd64 compressed oops)
# Failed to write core dump. Minidumps are not enabled by default on client versions of Windows
#

---------------  T H R E A D  ---------------

Current thread (0x000000001745f000):  JavaThread "C2 CompilerThread0" daemon [_thread_in_native, id=8380, stack(0x0000000018a90000,0x0000000018b90000)]

Stack: [0x0000000018a90000,0x0000000018b90000]
[error occurred during error reporting (printing stack bounds), id 0xc0000005]

Native frames: (J=compiled Java code, j=interpreted, Vv=VM code, C=native code)


Current CompileTask:
C2:  20308 3135       4       java.net.URLClassLoader$1::run (5 bytes)


---------------  P R O C E S S  ---------------

Java Threads: ( => current thread )
  0x00000000174be800 JavaThread "Service Thread" daemon [_thread_blocked, id=7704, stack(0x0000000019190000,0x0000000019290000)]
  0x0000000017469800 JavaThread "C1 CompilerThread2" daemon [_thread_in_vm, id=9440, stack(0x0000000018c90000,0x0000000018d90000)]
  0x0000000017466000 JavaThread "C2 CompilerThread1" daemon [_thread_in_native, id=10988, stack(0x0000000018b90000,0x0000000018c90000)]
=>0x000000001745f000 JavaThread "C2 CompilerThread0" daemon [_thread_in_native, id=8380, stack(0x0000000018a90000,0x0000000018b90000)]
  0x000000001745d800 JavaThread "Attach Listener" daemon [_thread_blocked, id=2520, stack(0x0000000018990000,0x0000000018a90000)]
  0x000000001745a000 JavaThread "Signal Dispatcher" daemon [_thread_blocked, id=14472, stack(0x0000000018890000,0x0000000018990000)]
  0x0000000017449000 JavaThread "Finalizer" daemon [_thread_blocked, id=13140, stack(0x00000000186b0000,0x00000000187b0000)]
  0x00000000028f1000 JavaThread "Reference Handler" daemon [_thread_blocked, id=13980, stack(0x00000000185b0000,0x00000000186b0000)]
  0x00000000027fd800 JavaThread "main" [_thread_in_Java, id=11216, stack(0x00000000026d0000,0x00000000027d0000)]

Other Threads:
  0x0000000017427000 VMThread [stack: 0x00000000184b0000,0x00000000185b0000] [id=10480]
  0x0000000018dde800 WatcherThread [stack: 0x0000000019290000,0x0000000019390000] [id=2588]

VM state:not at safepoint (normal execution)

VM Mutex/Monitor currently owned by a thread: None

Heap:
 PSYoungGen      total 37888K, used 24285K [0x00000000d5d00000, 0x00000000d9000000, 0x0000000100000000)
  eden space 32768K, 58% used [0x00000000d5d00000,0x00000000d6fbb4a8,0x00000000d7d00000)
  from space 5120K, 99% used [0x00000000d7d80000,0x00000000d827c010,0x00000000d8280000)
  to   space 9728K, 0% used [0x00000000d8680000,0x00000000d8680000,0x00000000d9000000)
 ParOldGen       total 87552K, used 9500K [0x0000000081600000, 0x0000000086b80000, 0x00000000d5d00000)
  object space 87552K, 10% used [0x0000000081600000,0x0000000081f47300,0x0000000086b80000)
 Metaspace       used 18405K, capacity 18962K, committed 19072K, reserved 1067008K
  class space    used 2217K, capacity 2396K, committed 2432K, reserved 1048576K

Card table byte_map: [0x0000000011cc0000,0x00000000120c0000] byte_map_base: 0x00000000118b5000

Marking Bits: (ParMarkBitMap*) 0x0000000066b4c720
 Begin Bits: [0x0000000012770000, 0x0000000014718000)
 End Bits:   [0x0000000014718000, 0x00000000166c0000)

Polling page: 0x0000000000cf0000

CodeCache: size=245760Kb used=9948Kb max_used=10491Kb free=235811Kb
 bounds [0x0000000002900000, 0x0000000003360000, 0x0000000011900000]
 total_blobs=3320 nmethods=2953 adapters=279
 compilation: enabled

Compilation events (10 events):
Event: 19.522 Thread 0x0000000017469800 3188       3       org.codehaus.plexus.util.SelectorUtils::tokenizePath (38 bytes)
Event: 19.523 Thread 0x0000000017469800 nmethod 3188 0x0000000002b3a590 code [0x0000000002b3a760, 0x0000000002b3ad88]
Event: 19.552 Thread 0x0000000017469800 3189       3       org.codehaus.plexus.util.SelectorUtils::match (534 bytes)
Event: 19.557 Thread 0x0000000017469800 nmethod 3189 0x0000000003345fd0 code [0x00000000033462a0, 0x0000000003347a58]
Event: 19.558 Thread 0x0000000017469800 3190       3       org.codehaus.plexus.util.AbstractScanner::matchPath (7 bytes)
Event: 19.558 Thread 0x0000000017469800 nmethod 3190 0x0000000002a5db50 code [0x0000000002a5dcc0, 0x0000000002a5de28]
Event: 19.558 Thread 0x0000000017469800 3191       3       org.codehaus.plexus.util.SelectorUtils::matchAntPathPattern (566 bytes)
Event: 19.564 Thread 0x0000000017469800 nmethod 3191 0x0000000002e4dc10 code [0x0000000002e4e000, 0x0000000002e50948]
Event: 19.566 Thread 0x0000000017469800 3192       3       org.codehaus.plexus.util.SelectorUtils::matchPath (129 bytes)
Event: 19.570 Thread 0x0000000017469800 nmethod 3192 0x0000000002e553d0 code [0x0000000002e556a0, 0x0000000002e571b8]

GC Heap History (10 events):
Event: 3.069 GC heap before
{Heap before GC invocations=1 (full 0):
 PSYoungGen      total 38400K, used 33280K [0x00000000d5d00000, 0x00000000d8780000, 0x0000000100000000)
  eden space 33280K, 100% used [0x00000000d5d00000,0x00000000d7d80000,0x00000000d7d80000)
  from space 5120K, 0% used [0x00000000d8280000,0x00000000d8280000,0x00000000d8780000)
  to   space 5120K, 0% used [0x00000000d7d80000,0x00000000d7d80000,0x00000000d8280000)
 ParOldGen       total 87552K, used 0K [0x0000000081600000, 0x0000000086b80000, 0x00000000d5d00000)
  object space 87552K, 0% used [0x0000000081600000,0x0000000081600000,0x0000000086b80000)
 Metaspace       used 7765K, capacity 7932K, committed 8064K, reserved 1056768K
  class space    used 980K, capacity 1048K, committed 1152K, reserved 1048576K
Event: 3.087 GC heap after
Heap after GC invocations=1 (full 0):
 PSYoungGen      total 38400K, used 4519K [0x00000000d5d00000, 0x00000000d8780000, 0x0000000100000000)
  eden space 33280K, 0% used [0x00000000d5d00000,0x00000000d5d00000,0x00000000d7d80000)
  from space 5120K, 88% used [0x00000000d7d80000,0x00000000d81e9fc0,0x00000000d8280000)
  to   space 5120K, 0% used [0x00000000d8280000,0x00000000d8280000,0x00000000d8780000)
 ParOldGen       total 87552K, used 8K [0x0000000081600000, 0x0000000086b80000, 0x00000000d5d00000)
  object space 87552K, 0% used [0x0000000081600000,0x0000000081602000,0x0000000086b80000)
 Metaspace       used 7765K, capacity 7932K, committed 8064K, reserved 1056768K
  class space    used 980K, capacity 1048K, committed 1152K, reserved 1048576K
}
Event: 4.752 GC heap before
{Heap before GC invocations=2 (full 0):
 PSYoungGen      total 38400K, used 37799K [0x00000000d5d00000, 0x00000000d8780000, 0x0000000100000000)
  eden space 33280K, 100% used [0x00000000d5d00000,0x00000000d7d80000,0x00000000d7d80000)
  from space 5120K, 88% used [0x00000000d7d80000,0x00000000d81e9fc0,0x00000000d8280000)
  to   space 5120K, 0% used [0x00000000d8280000,0x00000000d8280000,0x00000000d8780000)
 ParOldGen       total 87552K, used 8K [0x0000000081600000, 0x0000000086b80000, 0x00000000d5d00000)
  object space 87552K, 0% used [0x0000000081600000,0x0000000081602000,0x0000000086b80000)
 Metaspace       used 11802K, capacity 11950K, committed 12160K, reserved 1060864K
  class space    used 1495K, capacity 1573K, committed 1664K, reserved 1048576K
Event: 4.768 GC heap after
Heap after GC invocations=2 (full 0):
 PSYoungGen      total 38400K, used 5110K [0x00000000d5d00000, 0x00000000d8780000, 0x0000000100000000)
  eden space 33280K, 0% used [0x00000000d5d00000,0x00000000d5d00000,0x00000000d7d80000)
  from space 5120K, 99% used [0x00000000d8280000,0x00000000d877dbb8,0x00000000d8780000)
  to   space 5120K, 0% used [0x00000000d7d80000,0x00000000d7d80000,0x00000000d8280000)
 ParOldGen       total 87552K, used 2168K [0x0000000081600000, 0x0000000086b80000, 0x00000000d5d00000)
  object space 87552K, 2% used [0x0000000081600000,0x000000008181e398,0x0000000086b80000)
 Metaspace       used 11802K, capacity 11950K, committed 12160K, reserved 1060864K
  class space    used 1495K, capacity 1573K, committed 1664K, reserved 1048576K
}
Event: 8.203 GC heap before
{Heap before GC invocations=3 (full 0):
 PSYoungGen      total 38400K, used 38390K [0x00000000d5d00000, 0x00000000d8780000, 0x0000000100000000)
  eden space 33280K, 100% used [0x00000000d5d00000,0x00000000d7d80000,0x00000000d7d80000)
  from space 5120K, 99% used [0x00000000d8280000,0x00000000d877dbb8,0x00000000d8780000)
  to   space 5120K, 0% used [0x00000000d7d80000,0x00000000d7d80000,0x00000000d8280000)
 ParOldGen       total 87552K, used 2168K [0x0000000081600000, 0x0000000086b80000, 0x00000000d5d00000)
  object space 87552K, 2% used [0x0000000081600000,0x000000008181e398,0x0000000086b80000)
 Metaspace       used 14570K, capacity 14760K, committed 14976K, reserved 1062912K
  class space    used 1783K, capacity 1876K, committed 1920K, reserved 1048576K
Event: 8.233 GC heap after
Heap after GC invocations=3 (full 0):
 PSYoungGen      total 38400K, used 5088K [0x00000000d5d00000, 0x00000000d8780000, 0x0000000100000000)
  eden space 33280K, 0% used [0x00000000d5d00000,0x00000000d5d00000,0x00000000d7d80000)
  from space 5120K, 99% used [0x00000000d7d80000,0x00000000d8278020,0x00000000d8280000)
  to   space 5120K, 0% used [0x00000000d8280000,0x00000000d8280000,0x00000000d8780000)
 ParOldGen       total 87552K, used 4448K [0x0000000081600000, 0x0000000086b80000, 0x00000000d5d00000)
  object space 87552K, 5% used [0x0000000081600000,0x0000000081a58070,0x0000000086b80000)
 Metaspace       used 14570K, capacity 14760K, committed 14976K, reserved 1062912K
  class space    used 1783K, capacity 1876K, committed 1920K, reserved 1048576K
}
Event: 13.133 GC heap before
{Heap before GC invocations=4 (full 0):
 PSYoungGen      total 38400K, used 38368K [0x00000000d5d00000, 0x00000000d8780000, 0x0000000100000000)
  eden space 33280K, 100% used [0x00000000d5d00000,0x00000000d7d80000,0x00000000d7d80000)
  from space 5120K, 99% used [0x00000000d7d80000,0x00000000d8278020,0x00000000d8280000)
  to   space 5120K, 0% used [0x00000000d8280000,0x00000000d8280000,0x00000000d8780000)
 ParOldGen       total 87552K, used 4448K [0x0000000081600000, 0x0000000086b80000, 0x00000000d5d00000)
  object space 87552K, 5% used [0x0000000081600000,0x0000000081a58070,0x0000000086b80000)
 Metaspace       used 15528K, capacity 15846K, committed 16128K, reserved 1062912K
  class space    used 1878K, capacity 1981K, committed 2048K, reserved 1048576K
Event: 13.157 GC heap after
Heap after GC invocations=4 (full 0):
 PSYoungGen      total 38400K, used 5104K [0x00000000d5d00000, 0x00000000d8780000, 0x0000000100000000)
  eden space 33280K, 0% used [0x00000000d5d00000,0x00000000d5d00000,0x00000000d7d80000)
  from space 5120K, 99% used [0x00000000d8280000,0x00000000d877c010,0x00000000d8780000)
  to   space 5120K, 0% used [0x00000000d7d80000,0x00000000d7d80000,0x00000000d8280000)
 ParOldGen       total 87552K, used 6896K [0x0000000081600000, 0x0000000086b80000, 0x00000000d5d00000)
  object space 87552K, 7% used [0x0000000081600000,0x0000000081cbc298,0x0000000086b80000)
 Metaspace       used 15528K, capacity 15846K, committed 16128K, reserved 1062912K
  class space    used 1878K, capacity 1981K, committed 2048K, reserved 1048576K
}
Event: 17.571 GC heap before
{Heap before GC invocations=5 (full 0):
 PSYoungGen      total 38400K, used 38384K [0x00000000d5d00000, 0x00000000d8780000, 0x0000000100000000)
  eden space 33280K, 100% used [0x00000000d5d00000,0x00000000d7d80000,0x00000000d7d80000)
  from space 5120K, 99% used [0x00000000d8280000,0x00000000d877c010,0x00000000d8780000)
  to   space 5120K, 0% used [0x00000000d7d80000,0x00000000d7d80000,0x00000000d8280000)
 ParOldGen       total 87552K, used 6896K [0x0000000081600000, 0x0000000086b80000, 0x00000000d5d00000)
  object space 87552K, 7% used [0x0000000081600000,0x0000000081cbc298,0x0000000086b80000)
 Metaspace       used 16557K, capacity 16942K, committed 17280K, reserved 1064960K
  class space    used 1943K, capacity 2088K, committed 2176K, reserved 1048576K
Event: 17.605 GC heap after
Heap after GC invocations=5 (full 0):
 PSYoungGen      total 37888K, used 5104K [0x00000000d5d00000, 0x00000000d9000000, 0x0000000100000000)
  eden space 32768K, 0% used [0x00000000d5d00000,0x00000000d5d00000,0x00000000d7d00000)
  from space 5120K, 99% used [0x00000000d7d80000,0x00000000d827c010,0x00000000d8280000)
  to   space 9728K, 0% used [0x00000000d8680000,0x00000000d8680000,0x00000000d9000000)
 ParOldGen       total 87552K, used 9500K [0x0000000081600000, 0x0000000086b80000, 0x00000000d5d00000)
  object space 87552K, 10% used [0x0000000081600000,0x0000000081f47300,0x0000000086b80000)
 Metaspace       used 16557K, capacity 16942K, committed 17280K, reserved 1064960K
  class space    used 1943K, capacity 2088K, committed 2176K, reserved 1048576K
}

Deoptimization events (10 events):
Event: 12.016 Thread 0x00000000027fd800 Uncommon trap: reason=unstable_if action=reinterpret pc=0x0000000002e5e64c method=sun.net.www.protocol.jar.Handler.parseURL(Ljava/net/URL;Ljava/lang/String;II)V @ 94
Event: 12.121 Thread 0x00000000027fd800 Uncommon trap: reason=bimorphic action=maybe_recompile pc=0x0000000002e8f3e4 method=java.util.regex.Pattern$CharProperty.match(Ljava/util/regex/Matcher;ILjava/lang/CharSequence;)Z @ 37
Event: 14.853 Thread 0x00000000027fd800 Uncommon trap: reason=bimorphic action=maybe_recompile pc=0x0000000002e8f3e4 method=java.util.regex.Pattern$CharProperty.match(Ljava/util/regex/Matcher;ILjava/lang/CharSequence;)Z @ 37
Event: 15.492 Thread 0x00000000027fd800 Uncommon trap: reason=speculate_class_check action=maybe_recompile pc=0x0000000003036fa4 method=java.nio.charset.CharsetDecoder.decode(Ljava/nio/ByteBuffer;Ljava/nio/CharBuffer;Z)Ljava/nio/charset/CoderResult; @ 57
Event: 15.492 Thread 0x00000000027fd800 Uncommon trap: reason=speculate_class_check action=maybe_recompile pc=0x0000000003036fa4 method=java.nio.charset.CharsetDecoder.decode(Ljava/nio/ByteBuffer;Ljava/nio/CharBuffer;Z)Ljava/nio/charset/CoderResult; @ 57
Event: 15.504 Thread 0x00000000027fd800 Uncommon trap: reason=unstable_if action=reinterpret pc=0x0000000002cafa78 method=java.util.concurrent.ConcurrentHashMap.putVal(Ljava/lang/Object;Ljava/lang/Object;Z)Ljava/lang/Object; @ 206
Event: 17.103 Thread 0x00000000027fd800 Uncommon trap: reason=bimorphic action=maybe_recompile pc=0x0000000002e8f3e4 method=java.util.regex.Pattern$CharProperty.match(Ljava/util/regex/Matcher;ILjava/lang/CharSequence;)Z @ 37
Event: 19.010 Thread 0x00000000027fd800 Uncommon trap: reason=bimorphic action=maybe_recompile pc=0x0000000002e8f3e4 method=java.util.regex.Pattern$CharProperty.match(Ljava/util/regex/Matcher;ILjava/lang/CharSequence;)Z @ 37
Event: 19.117 Thread 0x00000000027fd800 Uncommon trap: reason=unstable_if action=reinterpret pc=0x000000000328bc7c method=org.codehaus.plexus.classworlds.realm.Entry.matches(Ljava/lang/String;)Z @ 20
Event: 19.203 Thread 0x00000000027fd800 Uncommon trap: reason=unstable_if action=reinterpret pc=0x0000000002c82278 method=java.util.HashMap.hash(Ljava/lang/Object;)I @ 1

Internal exceptions (10 events):
Event: 5.261 Thread 0x00000000027fd800 Exception <a 'java/lang/NullPointerException'> (0x00000000d64eeda8) thrown at [C:\re\workspace\8-2-build-windows-amd64-cygwin\jdk8u131\8869\hotspot\src\share\vm\interpreter\linkResolver.cpp, line 1197]
Event: 5.261 Thread 0x00000000027fd800 Exception <a 'java/lang/NullPointerException'> (0x00000000d64eefc0) thrown at [C:\re\workspace\8-2-build-windows-amd64-cygwin\jdk8u131\8869\hotspot\src\share\vm\interpreter\linkResolver.cpp, line 1197]
Event: 5.261 Thread 0x00000000027fd800 Exception <a 'java/lang/NullPointerException'> (0x00000000d64ef1d8) thrown at [C:\re\workspace\8-2-build-windows-amd64-cygwin\jdk8u131\8869\hotspot\src\share\vm\interpreter\linkResolver.cpp, line 1197]
Event: 5.264 Thread 0x00000000027fd800 Exception <a 'java/lang/NullPointerException'> (0x00000000d6506b78) thrown at [C:\re\workspace\8-2-build-windows-amd64-cygwin\jdk8u131\8869\hotspot\src\share\vm\interpreter\linkResolver.cpp, line 1197]
Event: 5.264 Thread 0x00000000027fd800 Exception <a 'java/lang/NullPointerException'> (0x00000000d6506d90) thrown at [C:\re\workspace\8-2-build-windows-amd64-cygwin\jdk8u131\8869\hotspot\src\share\vm\interpreter\linkResolver.cpp, line 1197]
Event: 5.264 Thread 0x00000000027fd800 Exception <a 'java/lang/NullPointerException'> (0x00000000d6506fa8) thrown at [C:\re\workspace\8-2-build-windows-amd64-cygwin\jdk8u131\8869\hotspot\src\share\vm\interpreter\linkResolver.cpp, line 1197]
Event: 5.830 Thread 0x00000000027fd800 Implicit null exception at 0x0000000002cc28d5 to 0x0000000002cc2aa5
Event: 5.830 Thread 0x00000000027fd800 Implicit null exception at 0x0000000002c342ef to 0x0000000002c34359
Event: 6.107 Thread 0x00000000027fd800 Implicit null exception at 0x0000000002ec26dd to 0x0000000002ec3859
Event: 19.203 Thread 0x00000000027fd800 Implicit null exception at 0x0000000002c81c7b to 0x0000000002c8225d

Events (10 events):
Event: 20.102 loading class org/apache/maven/plugin/war/packaging/ClassesPackagingTask
Event: 20.102 loading class org/apache/maven/plugin/war/packaging/ClassesPackagingTask done
Event: 20.102 loading class org/apache/maven/plugin/war/packaging/ClassesPackagingTask
Event: 20.102 loading class org/apache/maven/plugin/war/packaging/ClassesPackagingTask done
Event: 20.102 loading class org/apache/maven/plugin/war/packaging/ClassesPackagingTask
Event: 20.102 loading class org/apache/maven/plugin/war/packaging/ClassesPackagingTask done
Event: 20.103 loading class org/codehaus/plexus/interpolation/InterpolationException
Event: 20.103 loading class org/codehaus/plexus/interpolation/InterpolationException done
Event: 20.104 loading class org/codehaus/plexus/interpolation/InterpolationException
Event: 20.104 loading class org/codehaus/plexus/interpolation/InterpolationException done


Dynamic libraries:
0x00007ff754450000 - 0x00007ff754487000 	C:\Program Files\Java\jdk1.8.0_131\bin\javaw.exe
0x00007fff86670000 - 0x00007fff8681d000 	C:\windows\SYSTEM32\ntdll.dll
0x00007fff86520000 - 0x00007fff8665e000 	C:\windows\system32\KERNEL32.DLL
0x00007fff83bd0000 - 0x00007fff83ce5000 	C:\windows\system32\KERNELBASE.dll
0x00007fff821a0000 - 0x00007fff8222e000 	C:\windows\system32\apphelp.dll
0x00007fff7f150000 - 0x00007fff7f1a3000 	C:\windows\AppPatch\AppPatch64\AcGenral.DLL
0x00007fff848f0000 - 0x00007fff8499a000 	C:\windows\system32\msvcrt.dll
0x00007fff83a90000 - 0x00007fff83abe000 	C:\windows\system32\SspiCli.dll
0x00007fff84140000 - 0x00007fff84194000 	C:\windows\system32\SHLWAPI.dll
0x00007fff83e90000 - 0x00007fff84007000 	C:\windows\system32\USER32.dll
0x00007fff86320000 - 0x00007fff864b4000 	C:\windows\system32\ole32.dll
0x00007fff84ae0000 - 0x00007fff86008000 	C:\windows\system32\SHELL32.dll
0x00007fff82d50000 - 0x00007fff82d71000 	C:\windows\SYSTEM32\USERENV.dll
0x00007fff83de0000 - 0x00007fff83e8a000 	C:\windows\system32\ADVAPI32.dll
0x00007fff75fd0000 - 0x00007fff75fee000 	C:\windows\SYSTEM32\MPR.dll
0x00007fff849a0000 - 0x00007fff84ae0000 	C:\windows\system32\RPCRT4.dll
0x00007fff864c0000 - 0x00007fff86519000 	C:\windows\SYSTEM32\sechost.dll
0x00007fff844f0000 - 0x00007fff84702000 	C:\windows\SYSTEM32\combase.dll
0x00007fff86010000 - 0x00007fff8615f000 	C:\windows\system32\GDI32.dll
0x00007fff83790000 - 0x00007fff837a5000 	C:\windows\SYSTEM32\profapi.dll
0x00007fff81940000 - 0x00007fff819f2000 	C:\windows\SYSTEM32\SHCORE.dll
0x00007fff862d0000 - 0x00007fff86306000 	C:\windows\system32\IMM32.DLL
0x00007fff86170000 - 0x00007fff862c2000 	C:\windows\system32\MSCTF.dll
0x00007fff80710000 - 0x00007fff8098b000 	C:\windows\WinSxS\amd64_microsoft.windows.common-controls_6595b64144ccf1df_6.0.9600.18006_none_623f33d3ecbe86e8\COMCTL32.dll
0x0000000068500000 - 0x00000000685d2000 	C:\Program Files\Java\jdk1.8.0_131\jre\bin\msvcr100.dll
0x0000000066330000 - 0x0000000066bcc000 	C:\Program Files\Java\jdk1.8.0_131\jre\bin\server\jvm.dll
0x00007fff5c610000 - 0x00007fff5c619000 	C:\windows\SYSTEM32\WSOCK32.dll
0x00007fff7e890000 - 0x00007fff7e8b2000 	C:\windows\SYSTEM32\WINMM.dll
0x00007fff7ddd0000 - 0x00007fff7ddda000 	C:\windows\SYSTEM32\VERSION.dll
0x00007fff84480000 - 0x00007fff84487000 	C:\windows\system32\PSAPI.DLL
0x00007fff84490000 - 0x00007fff844ea000 	C:\windows\system32\WS2_32.dll
0x00007fff7e860000 - 0x00007fff7e88a000 	C:\windows\SYSTEM32\WINMMBASE.dll
0x00007fff86310000 - 0x00007fff86319000 	C:\windows\system32\NSI.dll
0x00007fff83a40000 - 0x00007fff83a8f000 	C:\windows\SYSTEM32\cfgmgr32.dll
0x00007fff825b0000 - 0x00007fff825d8000 	C:\windows\SYSTEM32\DEVOBJ.dll
0x0000000069bc0000 - 0x0000000069bcf000 	C:\Program Files\Java\jdk1.8.0_131\jre\bin\verify.dll
0x0000000069b90000 - 0x0000000069bb9000 	C:\Program Files\Java\jdk1.8.0_131\jre\bin\java.dll
0x0000000069b70000 - 0x0000000069b86000 	C:\Program Files\Java\jdk1.8.0_131\jre\bin\zip.dll
0x0000000069b40000 - 0x0000000069b5a000 	C:\Program Files\Java\jdk1.8.0_131\jre\bin\net.dll
0x00007fff82fc0000 - 0x00007fff83019000 	C:\windows\system32\mswsock.dll
0x0000000068fc0000 - 0x0000000068fd1000 	C:\Program Files\Java\jdk1.8.0_131\jre\bin\nio.dll

VM Arguments:
jvm_args: -Dmaven.home=EMBEDDED -Dclassworlds.conf=D:\workspace\.metadata\.plugins\org.eclipse.m2e.launching\launches\m2conf2208257274988385304.tmp -Dmaven.multiModuleProjectDirectory=D:\DTProject\WowShopApp -Dfile.encoding=Cp1252 
java_command: org.codehaus.plexus.classworlds.launcher.Launcher -B install
java_class_path (initial): /D:/eclipse/eclipse/plugins/org.eclipse.m2e.maven.runtime_1.6.2.20150902-0001/jars/plexus-classworlds-2.5.2.jar
Launcher Type: SUN_STANDARD

Environment Variables:
PATH=C:/Program Files/Java/jre1.8.0_131/bin/server;C:/Program Files/Java/jre1.8.0_131/bin;C:/Program Files/Java/jre1.8.0_131/lib/amd64;C:\ProgramData\Oracle\Java\javapath;C:\Program Files (x86)\Intel\iCLS Client\;C:\Program Files\Intel\iCLS Client\;C:\Program Files\Dell\DW WLAN Card;;C:\windows\system32;C:\windows;C:\windows\System32\Wbem;C:\windows\System32\WindowsPowerShell\v1.0\;C:\Program Files\WIDCOMM\Bluetooth Software\;C:\Program Files\WIDCOMM\Bluetooth Software\syswow64;C:\Program Files\Intel\Intel(R) Management Engine Components\DAL;C:\Program Files (x86)\Intel\Intel(R) Management Engine Components\DAL;C:\Program Files\Intel\Intel(R) Management Engine Components\IPT;C:\Program Files (x86)\Intel\Intel(R) Management Engine Components\IPT;C:\Program Files (x86)\Skype\Phone\;C:\Program Files\Microsoft\Web Platform Installer\;C:\Program Files (x86)\Microsoft ASP.NET\ASP.NET Web Pages\v1.0\;C:\Program Files (x86)\Windows Kits\8.0\Windows Performance Toolkit\;C:\Program Files\Microsoft SQL Server\110\DTS\Binn\;C:\Program Files (x86)\Microsoft SQL Server\110\Tools\Binn\;C:\Program Files\Microsoft SQL Server\110\Tools\Binn\;C:\Program Files (x86)\Microsoft SQL Server\110\Tools\Binn\ManagementStudio\;C:\Program Files (x86)\Microsoft Visual Studio 10.0\Common7\IDE\PrivateAssemblies\;C:\Program Files (x86)\Microsoft SQL Server\110\DTS\Binn\;C:\Program Files\Java\jdk1.8.0_131\bin;;D:\eclipse\eclipse;
USERNAME=dell 15
OS=Windows_NT
PROCESSOR_IDENTIFIER=Intel64 Family 6 Model 61 Stepping 4, GenuineIntel



---------------  S Y S T E M  ---------------

OS: Windows 8.1 , 64 bit Build 9600 (6.3.9600.17415)

CPU:total 4 (initial active 4) (2 cores per cpu, 2 threads per core) family 6 model 61 stepping 4, cmov, cx8, fxsr, mmx, sse, sse2, sse3, ssse3, sse4.1, sse4.2, popcnt, avx, avx2, aes, clmul, erms, 3dnowpref, lzcnt, ht, tsc, tscinvbit, bmi1, bmi2, adx

Memory: 4k page, physical 8298152k(1675360k free), swap 33463976k(6436k free)

vm_info: Java HotSpot(TM) 64-Bit Server VM (25.131-b11) for windows-amd64 JRE (1.8.0_131-b11), built on Mar 15 2017 01:23:53 by "java_re" with MS VC++ 10.0 (VS2010)

time: Tue May 30 00:04:35 2017
elapsed time: 20 seconds (0d 0h 0m 20s)

